0 info it worked if it ends with ok
1 verbose cli [ '/Users/gaolong/.nvm/versions/node/v5.7.0/bin/node',
1 verbose cli   '/Users/gaolong/.nvm/versions/node/v5.7.0/bin/npm',
1 verbose cli   'start' ]
2 info using npm@3.6.0
3 info using node@v5.7.0
4 verbose run-script [ 'prestart', 'start', 'poststart' ]
5 info lifecycle Demos@0.0.1~prestart: Demos@0.0.1
6 silly lifecycle Demos@0.0.1~prestart: no script for prestart, continuing
7 info lifecycle Demos@0.0.1~start: Demos@0.0.1
8 verbose lifecycle Demos@0.0.1~start: unsafe-perm in lifecycle true
9 verbose lifecycle Demos@0.0.1~start: PATH: /Users/gaolong/.nvm/versions/node/v5.7.0/lib/node_modules/npm/bin/node-gyp-bin:/ios/MyGLDemos/node_modules/.bin:/Users/gaolong/.nvm/versions/node/v5.7.0/bin:/usr/local/bin:/usr/bin:/bin:/usr/sbin:/sbin:/opt/X11/bin
10 verbose lifecycle Demos@0.0.1~start: CWD: /ios/MyGLDemos
11 silly lifecycle Demos@0.0.1~start: Args: [ '-c', 'react-native start' ]
12 silly lifecycle Demos@0.0.1~start: Returned: code: 1  signal: null
13 info lifecycle Demos@0.0.1~start: Failed to exec start script
14 verbose stack Error: Demos@0.0.1 start: `react-native start`
14 verbose stack Exit status 1
14 verbose stack     at EventEmitter.<anonymous> (/Users/gaolong/.nvm/versions/node/v5.7.0/lib/node_modules/npm/lib/utils/lifecycle.js:232:16)
14 verbose stack     at emitTwo (events.js:100:13)
14 verbose stack     at EventEmitter.emit (events.js:185:7)
14 verbose stack     at ChildProcess.<anonymous> (/Users/gaolong/.nvm/versions/node/v5.7.0/lib/node_modules/npm/lib/utils/spawn.js:24:14)
14 verbose stack     at emitTwo (events.js:100:13)
14 verbose stack     at ChildProcess.emit (events.js:185:7)
14 verbose stack     at maybeClose (internal/child_process.js:827:16)
14 verbose stack     at Process.ChildProcess._handle.onexit (internal/child_process.js:211:5)
15 verbose pkgid Demos@0.0.1
16 verbose cwd /ios/MyGLDemos
17 error Darwin 15.0.0
18 error argv "/Users/gaolong/.nvm/versions/node/v5.7.0/bin/node" "/Users/gaolong/.nvm/versions/node/v5.7.0/bin/npm" "start"
19 error node v5.7.0
20 error npm  v3.6.0
21 error code ELIFECYCLE
22 error Demos@0.0.1 start: `react-native start`
22 error Exit status 1
23 error Failed at the Demos@0.0.1 start script 'react-native start'.
23 error Make sure you have the latest version of node.js and npm installed.
23 error If you do, this is most likely a problem with the Demos package,
23 error not with npm itself.
23 error Tell the author that this fails on your system:
23 error     react-native start
23 error You can get information on how to open an issue for this project with:
23 error     npm bugs Demos
23 error Or if that isn't available, you can get their info via:
23 error     npm owner ls Demos
23 error There is likely additional logging output above.
24 verbose exit [ 1, true ]
